# JRE version: Java(TM) SE Runtime Environment (23.0+37) (build 23+37-2369)
# Java VM: Java HotSpot(TM) 64-Bit Server VM (23+37-2369, mixed mode, sharing, tiered, compressed oops, compressed class ptrs, g1 gc, windows-amd64)
GC Precious Log:
 CardTable entry size: 512
 Card Set container configuration: InlinePtr #cards 4 size 8 Array Of Cards #cards 16 size 48 Howl #buckets 8 coarsen threshold 3686 Howl Bitmap #cards 512 size 80 coarsen threshold 460 Card regions per heap region 1 cards per card region 4096
 CPUs: 12 total, 12 available
 Memory: 16205M
 Large Page Support: Disabled
 NUMA Support: Disabled
 Compressed Oops: Enabled (Zero based)
 Heap Region Size: 2M
 Heap Min Capacity: 8M
 Heap Initial Capacity: 254M
 Heap Max Capacity: 4052M
 Pre-touch: Disabled
 Parallel Workers: 10
 Concurrent Workers: 3
 Concurrent Refinement Workers: 10
 Periodic GC: Disabled
Heap:
 garbage-first heap   total reserved 4149248K, committed 65536K, used 32926K [0x0000000702c00000, 0x0000000800000000)
  region size 2048K, 3 young (6144K), 1 survivors (2048K)
 Metaspace       used 25289K, committed 25856K, reserved 1114112K
  class space    used 3254K, committed 3456K, reserved 1048576K
GC Heap History (16 events):
Event: 0.614 GC heap before
{Heap before GC invocations=0 (full 0):
 garbage-first heap   total reserved 4149248K, committed 260096K, used 22528K [0x0000000702c00000, 0x0000000800000000)
  region size 2048K, 12 young (24576K), 0 survivors (0K)
 Metaspace       used 4067K, committed 4288K, reserved 1114112K
  class space    used 479K, committed 576K, reserved 1048576K
}
Event: 0.617 GC heap after
{Heap after GC invocations=1 (full 0):
 garbage-first heap   total reserved 4149248K, committed 260096K, used 2634K [0x0000000702c00000, 0x0000000800000000)
  region size 2048K, 2 young (4096K), 2 survivors (4096K)
 Metaspace       used 4067K, committed 4288K, reserved 1114112K
  class space    used 479K, committed 576K, reserved 1048576K
}
Event: 1.484 GC heap before
{Heap before GC invocations=1 (full 0):
 garbage-first heap   total reserved 4149248K, committed 260096K, used 27210K [0x0000000702c00000, 0x0000000800000000)
  region size 2048K, 14 young (28672K), 2 survivors (4096K)
 Metaspace       used 8470K, committed 8704K, reserved 1114112K
  class space    used 1203K, committed 1344K, reserved 1048576K
}
Event: 1.488 GC heap after
{Heap after GC invocations=2 (full 0):
 garbage-first heap   total reserved 4149248K, committed 260096K, used 5828K [0x0000000702c00000, 0x0000000800000000)
  region size 2048K, 2 young (4096K), 2 survivors (4096K)
 Metaspace       used 8470K, committed 8704K, reserved 1114112K
  class space    used 1203K, committed 1344K, reserved 1048576K
}
Event: 2.770 GC heap before
{Heap before GC invocations=2 (full 0):
 garbage-first heap   total reserved 4149248K, committed 260096K, used 40644K [0x0000000702c00000, 0x0000000800000000)
  region size 2048K, 20 young (40960K), 2 survivors (4096K)
 Metaspace       used 21095K, committed 21504K, reserved 1114112K
  class space    used 2954K, committed 3136K, reserved 1048576K
}
Event: 2.776 GC heap after
{Heap after GC invocations=3 (full 0):
 garbage-first heap   total reserved 4149248K, committed 260096K, used 12258K [0x0000000702c00000, 0x0000000800000000)
  region size 2048K, 4 young (8192K), 4 survivors (8192K)
 Metaspace       used 21095K, committed 21504K, reserved 1114112K
  class space    used 2954K, committed 3136K, reserved 1048576K
}
Event: 4.269 GC heap before
{Heap before GC invocations=4 (full 0):
 garbage-first heap   total reserved 4149248K, committed 49152K, used 47074K [0x0000000702c00000, 0x0000000800000000)
  region size 2048K, 21 young (43008K), 4 survivors (8192K)
 Metaspace       used 22649K, committed 23168K, reserved 1114112K
  class space    used 3097K, committed 3328K, reserved 1048576K
}
Event: 4.277 GC heap after
{Heap after GC invocations=5 (full 0):
 garbage-first heap   total reserved 4149248K, committed 63488K, used 16169K [0x0000000702c00000, 0x0000000800000000)
  region size 2048K, 5 young (10240K), 5 survivors (10240K)
 Metaspace       used 22649K, committed 23168K, reserved 1114112K
  class space    used 3097K, committed 3328K, reserved 1048576K
}
Event: 5.513 GC heap before
{Heap before GC invocations=5 (full 0):
 garbage-first heap   total reserved 4149248K, committed 63488K, used 48937K [0x0000000702c00000, 0x0000000800000000)
  region size 2048K, 18 young (36864K), 5 survivors (10240K)
 Metaspace       used 23781K, committed 24320K, reserved 1114112K
  class space    used 3187K, committed 3392K, reserved 1048576K
}
Event: 5.517 GC heap after
{Heap after GC invocations=6 (full 0):
 garbage-first heap   total reserved 4149248K, committed 65536K, used 20227K [0x0000000702c00000, 0x0000000800000000)
  region size 2048K, 2 young (4096K), 2 survivors (4096K)
 Metaspace       used 23781K, committed 24320K, reserved 1114112K
  class space    used 3187K, committed 3392K, reserved 1048576K
}
Event: 7.519 GC heap before
{Heap before GC invocations=6 (full 0):
 garbage-first heap   total reserved 4149248K, committed 65536K, used 46851K [0x0000000702c00000, 0x0000000800000000)
  region size 2048K, 14 young (28672K), 2 survivors (4096K)
 Metaspace       used 25147K, committed 25664K, reserved 1114112K
  class space    used 3262K, committed 3456K, reserved 1048576K
}
Event: 7.523 GC heap after
{Heap after GC invocations=7 (full 0):
 garbage-first heap   total reserved 4149248K, committed 65536K, used 20744K [0x0000000702c00000, 0x0000000800000000)
  region size 2048K, 2 young (4096K), 2 survivors (4096K)
 Metaspace       used 25147K, committed 25664K, reserved 1114112K
  class space    used 3262K, committed 3456K, reserved 1048576K
}
Event: 7.566 GC heap before
{Heap before GC invocations=7 (full 0):
 garbage-first heap   total reserved 4149248K, committed 65536K, used 26888K [0x0000000702c00000, 0x0000000800000000)
  region size 2048K, 3 young (6144K), 2 survivors (4096K)
 Metaspace       used 25170K, committed 25664K, reserved 1114112K
  class space    used 3263K, committed 3456K, reserved 1048576K
}
Event: 7.569 GC heap after
{Heap after GC invocations=8 (full 0):
 garbage-first heap   total reserved 4149248K, committed 65536K, used 27704K [0x0000000702c00000, 0x0000000800000000)
  region size 2048K, 2 young (4096K), 2 survivors (4096K)
 Metaspace       used 25170K, committed 25664K, reserved 1114112K
  class space    used 3263K, committed 3456K, reserved 1048576K
}
Event: 7.878 GC heap before
{Heap before GC invocations=8 (full 0):
 garbage-first heap   total reserved 4149248K, committed 65536K, used 37944K [0x0000000702c00000, 0x0000000800000000)
  region size 2048K, 6 young (12288K), 2 survivors (4096K)
 Metaspace       used 25283K, committed 25728K, reserved 1114112K
  class space    used 3265K, committed 3456K, reserved 1048576K
}
Event: 7.880 GC heap after
{Heap after GC invocations=9 (full 0):
 garbage-first heap   total reserved 4149248K, committed 65536K, used 28830K [0x0000000702c00000, 0x0000000800000000)
  region size 2048K, 1 young (2048K), 1 survivors (2048K)
 Metaspace       used 25283K, committed 25728K, reserved 1114112K
  class space    used 3265K, committed 3456K, reserved 1048576K
}

